[2023-09-10 12:51:53] local.ERROR: SQLSTATE[HY000] [1045] Access denied for user 'root'@'localhost' (using password: NO) (SQL: insert into `telescope_entries` (`batch_id`, `content`, `created_at`, `family_hash`, `type`, `uuid`) values (9a19aada-80d4-49e9-be5c-8af7860e1e12, {"name":"cache:clearing","payload":[null,[]],"listeners":[],"broadcast":false,"hostname":"vps95619.inmotionhosting.com"}, 2023-09-10 12:51:53, ?, event, 9a19aada-7beb-44f4-bbad-3b8593b90c9a), (9a19aada-80d4-49e9-be5c-8af7860e1e12, {"command":"optimize:clear","exit_code":0,"arguments":{"command":"optimize:clear"},"options":{"help":false,"quiet":false,"verbose":false,"version":false,"ansi":null,"no-interaction":false,"env":null},"hostname":"vps95619.inmotionhosting.com"}, 2023-09-10 12:51:53, ?, command, 9a19aada-8065-40c0-ba46-0bf038b64045)) {"exception":"[object] (Illuminate\\Database\\QueryException(code: 1045): SQLSTATE[HY000] [1045] Access denied for user 'root'@'localhost' (using password: NO) (SQL: insert into `telescope_entries` (`batch_id`, `content`, `created_at`, `family_hash`, `type`, `uuid`) values (9a19aada-80d4-49e9-be5c-8af7860e1e12, {\"name\":\"cache:clearing\",\"payload\":[null,[]],\"listeners\":[],\"broadcast\":false,\"hostname\":\"vps95619.inmotionhosting.com\"}, 2023-09-10 12:51:53, ?, event, 9a19aada-7beb-44f4-bbad-3b8593b90c9a), (9a19aada-80d4-49e9-be5c-8af7860e1e12, {\"command\":\"optimize:clear\",\"exit_code\":0,\"arguments\":{\"command\":\"optimize:clear\"},\"options\":{\"help\":false,\"quiet\":false,\"verbose\":false,\"version\":false,\"ansi\":null,\"no-interaction\":false,\"env\":null},\"hostname\":\"vps95619.inmotionhosting.com\"}, 2023-09-10 12:51:53, ?, command, 9a19aada-8065-40c0-ba46-0bf038b64045)) at /home/hmluae5/hml_api/vendor/laravel/framework/src/Illuminate/Database/Connection.php:760)
[stacktrace]
#0 /home/hmluae5/hml_api/vendor/laravel/framework/src/Illuminate/Database/Connection.php(720): Illuminate\\Database\\Connection->runQueryCallback('insert into `te...', Array, Object(Closure))
#1 /home/hmluae5/hml_api/vendor/laravel/framework/src/Illuminate/Database/Connection.php(546): Illuminate\\Database\\Connection->run('insert into `te...', Array, Object(Closure))
#2 /home/hmluae5/hml_api/vendor/laravel/framework/src/Illuminate/Database/Connection.php(498): Illuminate\\Database\\Connection->statement('insert into `te...', Array)
#3 /home/hmluae5/hml_api/vendor/laravel/framework/src/Illuminate/Database/Query/Builder.php(3224): Illuminate\\Database\\Connection->insert('insert into `te...', Array)
#4 /home/hmluae5/hml_api/vendor/laravel/telescope/src/Storage/DatabaseEntriesRepository.php(148): Illuminate\\Database\\Query\\Builder->insert(Array)
#5 /home/hmluae5/hml_api/vendor/laravel/framework/src/Illuminate/Collections/Traits/EnumeratesValues.php(235): Laravel\\Telescope\\Storage\\DatabaseEntriesRepository->Laravel\\Telescope\\Storage\\{closure}(Object(Illuminate\\Support\\Collection), 0)
#6 /home/hmluae5/hml_api/vendor/laravel/telescope/src/Storage/DatabaseEntriesRepository.php(149): Illuminate\\Support\\Collection->each(Object(Closure))
#7 /home/hmluae5/hml_api/vendor/laravel/telescope/src/Telescope.php(666): Laravel\\Telescope\\Storage\\DatabaseEntriesRepository->store(Object(Illuminate\\Support\\Collection))
#8 [internal function]: Laravel\\Telescope\\Telescope::Laravel\\Telescope\\{closure}()
#9 /home/hmluae5/hml_api/vendor/laravel/telescope/src/Telescope.php(291): call_user_func(Object(Closure))
#10 /home/hmluae5/hml_api/vendor/laravel/telescope/src/Telescope.php(677): Laravel\\Telescope\\Telescope::withoutRecording(Object(Closure))
#11 /home/hmluae5/hml_api/vendor/laravel/telescope/src/ListensForStorageOpportunities.php(65): Laravel\\Telescope\\Telescope::store(Object(Laravel\\Telescope\\Storage\\DatabaseEntriesRepository))
#12 /home/hmluae5/hml_api/vendor/laravel/framework/src/Illuminate/Container/BoundMethod.php(36): Laravel\\Telescope\\Telescope::Laravel\\Telescope\\{closure}()
#13 /home/hmluae5/hml_api/vendor/laravel/framework/src/Illuminate/Container/Util.php(41): Illuminate\\Container\\BoundMethod::Illuminate\\Container\\{closure}()
#14 /home/hmluae5/hml_api/vendor/laravel/framework/src/Illuminate/Container/BoundMethod.php(81): Illuminate\\Container\\Util::unwrapIfClosure(Object(Closure))
#15 /home/hmluae5/hml_api/vendor/laravel/framework/src/Illuminate/Container/BoundMethod.php(37): Illuminate\\Container\\BoundMethod::callBoundMethod(Object(Illuminate\\Foundation\\Application), Object(Closure), Object(Closure))
#16 /home/hmluae5/hml_api/vendor/laravel/framework/src/Illuminate/Container/Container.php(661): Illuminate\\Container\\BoundMethod::call(Object(Illuminate\\Foundation\\Application), Object(Closure), Array, NULL)
#17 /home/hmluae5/hml_api/vendor/laravel/framework/src/Illuminate/Foundation/Application.php(1173): Illuminate\\Container\\Container->call(Object(Closure))
#18 /home/hmluae5/hml_api/vendor/laravel/framework/src/Illuminate/Foundation/Console/Kernel.php(174): Illuminate\\Foundation\\Application->terminate()
#19 /home/hmluae5/hml_api/artisan(51): Illuminate\\Foundation\\Console\\Kernel->terminate(Object(Symfony\\Component\\Console\\Input\\ArgvInput), 0)
#20 {main}

[previous exception] [object] (PDOException(code: 1045): SQLSTATE[HY000] [1045] Access denied for user 'root'@'localhost' (using password: NO) at /home/hmluae5/hml_api/vendor/laravel/framework/src/Illuminate/Database/Connectors/Connector.php:70)
[stacktrace]
#0 /home/hmluae5/hml_api/vendor/laravel/framework/src/Illuminate/Database/Connectors/Connector.php(70): PDO->__construct('mysql:host=127....', 'root', '', Array)
#1 /home/hmluae5/hml_api/vendor/laravel/framework/src/Illuminate/Database/Connectors/Connector.php(46): Illuminate\\Database\\Connectors\\Connector->createPdoConnection('mysql:host=127....', 'root', '', Array)
#2 /home/hmluae5/hml_api/vendor/laravel/framework/src/Illuminate/Database/Connectors/MySqlConnector.php(24): Illuminate\\Database\\Connectors\\Connector->createConnection('mysql:host=127....', Array, Array)
#3 /home/hmluae5/hml_api/vendor/laravel/framework/src/Illuminate/Database/Connectors/ConnectionFactory.php(184): Illuminate\\Database\\Connectors\\MySqlConnector->connect(Array)
#4 [internal function]: Illuminate\\Database\\Connectors\\ConnectionFactory->Illuminate\\Database\\Connectors\\{closure}()
#5 /home/hmluae5/hml_api/vendor/laravel/framework/src/Illuminate/Database/Connection.php(1181): call_user_func(Object(Closure))
#6 /home/hmluae5/hml_api/vendor/laravel/framework/src/Illuminate/Database/Connection.php(539): Illuminate\\Database\\Connection->getPdo()
#7 /home/hmluae5/hml_api/vendor/laravel/framework/src/Illuminate/Database/Connection.php(753): Illuminate\\Database\\Connection->Illuminate\\Database\\{closure}('insert into `te...', Array)
#8 /home/hmluae5/hml_api/vendor/laravel/framework/src/Illuminate/Database/Connection.php(720): Illuminate\\Database\\Connection->runQueryCallback('insert into `te...', Array, Object(Closure))
#9 /home/hmluae5/hml_api/vendor/laravel/framework/src/Illuminate/Database/Connection.php(546): Illuminate\\Database\\Connection->run('insert into `te...', Array, Object(Closure))
#10 /home/hmluae5/hml_api/vendor/laravel/framework/src/Illuminate/Database/Connection.php(498): Illuminate\\Database\\Connection->statement('insert into `te...', Array)
#11 /home/hmluae5/hml_api/vendor/laravel/framework/src/Illuminate/Database/Query/Builder.php(3224): Illuminate\\Database\\Connection->insert('insert into `te...', Array)
#12 /home/hmluae5/hml_api/vendor/laravel/telescope/src/Storage/DatabaseEntriesRepository.php(148): Illuminate\\Database\\Query\\Builder->insert(Array)
#13 /home/hmluae5/hml_api/vendor/laravel/framework/src/Illuminate/Collections/Traits/EnumeratesValues.php(235): Laravel\\Telescope\\Storage\\DatabaseEntriesRepository->Laravel\\Telescope\\Storage\\{closure}(Object(Illuminate\\Support\\Collection), 0)
#14 /home/hmluae5/hml_api/vendor/laravel/telescope/src/Storage/DatabaseEntriesRepository.php(149): Illuminate\\Support\\Collection->each(Object(Closure))
#15 /home/hmluae5/hml_api/vendor/laravel/telescope/src/Telescope.php(666): Laravel\\Telescope\\Storage\\DatabaseEntriesRepository->store(Object(Illuminate\\Support\\Collection))
#16 [internal function]: Laravel\\Telescope\\Telescope::Laravel\\Telescope\\{closure}()
#17 /home/hmluae5/hml_api/vendor/laravel/telescope/src/Telescope.php(291): call_user_func(Object(Closure))
#18 /home/hmluae5/hml_api/vendor/laravel/telescope/src/Telescope.php(677): Laravel\\Telescope\\Telescope::withoutRecording(Object(Closure))
#19 /home/hmluae5/hml_api/vendor/laravel/telescope/src/ListensForStorageOpportunities.php(65): Laravel\\Telescope\\Telescope::store(Object(Laravel\\Telescope\\Storage\\DatabaseEntriesRepository))
#20 /home/hmluae5/hml_api/vendor/laravel/framework/src/Illuminate/Container/BoundMethod.php(36): Laravel\\Telescope\\Telescope::Laravel\\Telescope\\{closure}()
#21 /home/hmluae5/hml_api/vendor/laravel/framework/src/Illuminate/Container/Util.php(41): Illuminate\\Container\\BoundMethod::Illuminate\\Container\\{closure}()
#22 /home/hmluae5/hml_api/vendor/laravel/framework/src/Illuminate/Container/BoundMethod.php(81): Illuminate\\Container\\Util::unwrapIfClosure(Object(Closure))
#23 /home/hmluae5/hml_api/vendor/laravel/framework/src/Illuminate/Container/BoundMethod.php(37): Illuminate\\Container\\BoundMethod::callBoundMethod(Object(Illuminate\\Foundation\\Application), Object(Closure), Object(Closure))
#24 /home/hmluae5/hml_api/vendor/laravel/framework/src/Illuminate/Container/Container.php(661): Illuminate\\Container\\BoundMethod::call(Object(Illuminate\\Foundation\\Application), Object(Closure), Array, NULL)
#25 /home/hmluae5/hml_api/vendor/laravel/framework/src/Illuminate/Foundation/Application.php(1173): Illuminate\\Container\\Container->call(Object(Closure))
#26 /home/hmluae5/hml_api/vendor/laravel/framework/src/Illuminate/Foundation/Console/Kernel.php(174): Illuminate\\Foundation\\Application->terminate()
#27 /home/hmluae5/hml_api/artisan(51): Illuminate\\Foundation\\Console\\Kernel->terminate(Object(Symfony\\Component\\Console\\Input\\ArgvInput), 0)
#28 {main}
"} 
